<?xml version="1.0" encoding="UTF-8"?>
<!-- Generated by org.testng.reporters.JUnitXMLReporter -->
<testsuite ignored="0" hostname="Niveditas-MacBook-Air.local" failures="0" tests="3" name="/Users/niveditagan/MyGitRepo/DockerSample" time="0.041" errors="0" timestamp="2023-06-22T11:42:41 AEST">
  <testcase classname="org.example.FirefoxStabndAloneTest" name="@BeforeTest startDockerScale" time="0.014">
    <failure type="java.io.IOException" message="Cannot run program &amp;quot;cmd&amp;quot;: error=2, No such file or directory">
      <![CDATA[java.io.IOException: Cannot run program "cmd": error=2, No such file or directory
at java.base/java.lang.ProcessBuilder.start(ProcessBuilder.java:1128)
at java.base/java.lang.ProcessBuilder.start(ProcessBuilder.java:1071)
at java.base/java.lang.Runtime.exec(Runtime.java:589)
at java.base/java.lang.Runtime.exec(Runtime.java:413)
at java.base/java.lang.Runtime.exec(Runtime.java:310)
at org.example.DockerTasks.startFile(DockerTasks.java:17)
at org.example.FirefoxStabndAloneTest.startDockerScale(FirefoxStabndAloneTest.java:18)
Caused by: java.io.IOException: error=2, No such file or directory
at java.base/java.lang.ProcessImpl.forkAndExec(Native Method)
at java.base/java.lang.ProcessImpl.<init>(ProcessImpl.java:340)
at java.base/java.lang.ProcessImpl.start(ProcessImpl.java:271)
at java.base/java.lang.ProcessBuilder.start(ProcessBuilder.java:1107)
... 34 more
... Removed 28 stack frames]]>
    </failure>
  </testcase> <!-- @BeforeTest startDockerScale -->
  <testcase classname="org.example.FirefoxStabndAloneTest" name="@AfterTest stopDocker" time="0.0">
    <skipped/>
  </testcase> <!-- @AfterTest stopDocker -->
  <testcase classname="org.example.FirefoxStabndAloneTest" name="triggerChrome" time="0.0">
    <skipped/>
  </testcase> <!-- triggerChrome -->
  <testcase classname="org.example.FirefoxStabndAloneTest2" name="triggerChrome2" time="0.0">
    <skipped/>
  </testcase> <!-- triggerChrome2 -->
  <testcase classname="org.example.FirefoxStabndAloneTest1" name="triggerChrome1" time="0.0">
    <skipped/>
  </testcase> <!-- triggerChrome1 -->
</testsuite> <!-- /Users/niveditagan/MyGitRepo/DockerSample -->
